usage: nixos-rebuild [--verbose] [--quiet] [--max-jobs MAX_JOBS]
                     [--cores CORES] [--log-format LOG_FORMAT] [--keep-going]
                     [--keep-failed] [--fallback] [--repair]
                     [--option OPTION OPTION] [--builders BUILDERS]
                     [--include INCLUDE] [--print-build-logs] [--show-trace]
                     [--accept-flake-config] [--refresh] [--impure]
                     [--offline] [--no-net] [--recreate-lock-file]
                     [--no-update-lock-file] [--no-write-lock-file]
                     [--no-registries] [--commit-lock-file]
                     [--update-input UPDATE_INPUT]
                     [--override-input OVERRIDE_INPUT OVERRIDE_INPUT]
                     [--no-build-output] [--use-substitutes] [--help]
                     [--debug] [--file FILE] [--attr ATTR] [--flake [FLAKE]]
                     [--no-flake] [--install-bootloader] [--install-grub]
                     [--profile-name PROFILE_NAME]
                     [--specialisation SPECIALISATION] [--rollback]
                     [--upgrade] [--upgrade-all] [--json]
                     [--ask-sudo-password] [--sudo] [--use-remote-sudo]
                     [--no-ssh-tty] [--no-reexec] [--fast]
                     [--build-host BUILD_HOST] [--target-host TARGET_HOST]
                     [--no-build-nix] [--image-variant IMAGE_VARIANT]
                     [{switch,boot,test,build,edit,repl,dry-build,dry-run,dry-activate,build-image,build-vm,build-vm-with-bootloader,list-generations}]
nixos-rebuild: error: unrecognized arguments: .#xi-nix
